src/app/layout.tsx(15,25): error TS2322: Type '{ children: ReactNode; theme: any; }' is not assignable to type 'IntrinsicAttributes & ChakraProviderProps'.
  Property 'theme' does not exist on type 'IntrinsicAttributes & ChakraProviderProps'.
src/app/page.tsx(17,14): error TS2322: Type '{ children: Element[]; spacing: number; }' is not assignable to type 'IntrinsicAttributes & StackProps & RefAttributes<HTMLDivElement>'.
  Property 'spacing' does not exist on type 'IntrinsicAttributes & StackProps & RefAttributes<HTMLDivElement>'.
src/app/page.tsx(27,10): error TS2604: JSX element type 'Card' does not have any construct or call signatures.
src/app/page.tsx(27,10): error TS2786: 'Card' cannot be used as a JSX component.
  Its type 'typeof import("/Users/batson/Desktop/ForTheNerds/CreatorBid/lunar-oracle/node_modules/@chakra-ui/react/dist/types/components/card/namespace")' is not a valid JSX element type.
src/app/page.tsx(32,20): error TS2322: Type '{ children: Element[]; spacing: number; }' is not assignable to type 'IntrinsicAttributes & StackProps & RefAttributes<HTMLDivElement>'.
  Property 'spacing' does not exist on type 'IntrinsicAttributes & StackProps & RefAttributes<HTMLDivElement>'.
src/app/page.tsx(41,10): error TS2604: JSX element type 'Card' does not have any construct or call signatures.
src/app/page.tsx(41,10): error TS2786: 'Card' cannot be used as a JSX component.
  Its type 'typeof import("/Users/batson/Desktop/ForTheNerds/CreatorBid/lunar-oracle/node_modules/@chakra-ui/react/dist/types/components/card/namespace")' is not a valid JSX element type.
src/app/page.tsx(46,20): error TS2322: Type '{ children: Element[]; spacing: number; }' is not assignable to type 'IntrinsicAttributes & StackProps & RefAttributes<HTMLDivElement>'.
  Property 'spacing' does not exist on type 'IntrinsicAttributes & StackProps & RefAttributes<HTMLDivElement>'.
src/theme/index.ts(1,10): error TS2305: Module '"@chakra-ui/react"' has no exported member 'extendTheme'.
src/theme/index.ts(1,28): error TS2724: '"@chakra-ui/react"' has no exported member named 'ThemeConfig'. Did you mean 'ThemingConfig'?
